<?xml version="1.0" encoding="UTF-8"?>
<testng-results skipped="0" failed="0" ignored="0" total="1" passed="1">
  <reporter-output>
  </reporter-output>
  <suite name="Default Suite" duration-ms="8045" started-at="2020-04-02T05:40:18Z" finished-at="2020-04-02T05:40:26Z">
    <groups>
    </groups>
    <test name="temp" duration-ms="8045" started-at="2020-04-02T05:40:18Z" finished-at="2020-04-02T05:40:26Z">
      <class name="com.demo.test.TestGraphql">
        <test-method status="PASS" signature="springTestContextBeforeTestClass()[pri:0, instance:com.demo.test.TestGraphql@3b0090a4]" name="springTestContextBeforeTestClass" is-config="true" duration-ms="17" started-at="2020-04-02T13:40:18Z" finished-at="2020-04-02T13:40:18Z">
          <reporter-output>
          </reporter-output>
        </test-method> <!-- springTestContextBeforeTestClass -->
        <test-method status="PASS" signature="springTestContextPrepareTestInstance()[pri:0, instance:com.demo.test.TestGraphql@3b0090a4]" name="springTestContextPrepareTestInstance" is-config="true" duration-ms="7591" started-at="2020-04-02T13:40:18Z" depends-on-methods="org.springframework.test.context.testng.AbstractTestNGSpringContextTests.springTestContextBeforeTestClass" finished-at="2020-04-02T13:40:26Z">
          <reporter-output>
          </reporter-output>
        </test-method> <!-- springTestContextPrepareTestInstance -->
        <test-method status="PASS" signature="springTestContextBeforeTestMethod(java.lang.reflect.Method)[pri:0, instance:com.demo.test.TestGraphql@3b0090a4]" name="springTestContextBeforeTestMethod" is-config="true" duration-ms="2" started-at="2020-04-02T13:40:26Z" finished-at="2020-04-02T13:40:26Z">
          <params>
            <param index="0">
              <value>
                <![CDATA[public void com.demo.test.TestGraphql.testcase1()]]>
              </value>
            </param>
          </params>
          <reporter-output>
          </reporter-output>
        </test-method> <!-- springTestContextBeforeTestMethod -->
        <test-method status="PASS" signature="testcase1()[pri:0, instance:com.demo.test.TestGraphql@3b0090a4]" name="testcase1" duration-ms="418" started-at="2020-04-02T13:40:26Z" finished-at="2020-04-02T13:40:26Z">
          <reporter-output>
          </reporter-output>
        </test-method> <!-- testcase1 -->
        <test-method status="PASS" signature="springTestContextAfterTestMethod(java.lang.reflect.Method)[pri:0, instance:com.demo.test.TestGraphql@3b0090a4]" name="springTestContextAfterTestMethod" is-config="true" duration-ms="0" started-at="2020-04-02T13:40:26Z" finished-at="2020-04-02T13:40:26Z">
          <params>
            <param index="0">
              <value>
                <![CDATA[public void com.demo.test.TestGraphql.testcase1()]]>
              </value>
            </param>
          </params>
          <reporter-output>
          </reporter-output>
        </test-method> <!-- springTestContextAfterTestMethod -->
        <test-method status="PASS" signature="springTestContextAfterTestClass()[pri:0, instance:com.demo.test.TestGraphql@3b0090a4]" name="springTestContextAfterTestClass" is-config="true" duration-ms="0" started-at="2020-04-02T13:40:26Z" finished-at="2020-04-02T13:40:26Z">
          <reporter-output>
          </reporter-output>
        </test-method> <!-- springTestContextAfterTestClass -->
      </class> <!-- com.demo.test.TestGraphql -->
    </test> <!-- temp -->
  </suite> <!-- Default Suite -->
</testng-results>
